{"numTotalTestSuites":145,"numPassedTestSuites":142,"numFailedTestSuites":3,"numPendingTestSuites":0,"numTotalTests":390,"numPassedTests":389,"numFailedTests":1,"numPendingTests":0,"numTodoTests":0,"snapshot":{"added":0,"failure":false,"filesAdded":0,"filesRemoved":0,"filesRemovedList":[],"filesUnmatched":0,"filesUpdated":0,"matched":0,"total":0,"unchecked":0,"uncheckedKeysByFile":[],"unmatched":0,"updated":0,"didUpdate":false},"startTime":1773089418306,"success":false,"testResults":[{"assertionResults":[{"ancestorTitles":["App Routing","Public Routes"],"fullName":"App Routing Public Routes should render login page at /login","status":"passed","title":"should render login page at /login","duration":672.5421000000006,"failureMessages":[],"meta":{}},{"ancestorTitles":["App Routing","Protected Routes - Unauthenticated"],"fullName":"App Routing Protected Routes - Unauthenticated should redirect to login when accessing /dashboard without authentication","status":"passed","title":"should redirect to login when accessing /dashboard without authentication","duration":161.52790000000005,"failureMessages":[],"meta":{}},{"ancestorTitles":["App Routing","Protected Routes - Unauthenticated"],"fullName":"App Routing Protected Routes - Unauthenticated should redirect to login when accessing /strategies without authentication","status":"passed","title":"should redirect to login when accessing /strategies without authentication","duration":146.27059999999983,"failureMessages":[],"meta":{}},{"ancestorTitles":["App Routing","Protected Routes - Unauthenticated"],"fullName":"App Routing Protected Routes - Unauthenticated should redirect to login when accessing /trades without authentication","status":"passed","title":"should redirect to login when accessing /trades without authentication","duration":127.9409999999998,"failureMessages":[],"meta":{}},{"ancestorTitles":["App Routing","Protected Routes - Unauthenticated"],"fullName":"App Routing Protected Routes - Unauthenticated should redirect to login when accessing /backtest without authentication","status":"passed","title":"should redirect to login when accessing /backtest without authentication","duration":129.08449999999993,"failureMessages":[],"meta":{}},{"ancestorTitles":["App Routing","Protected Routes - Unauthenticated"],"fullName":"App Routing Protected Routes - Unauthenticated should redirect to login when accessing /risk without authentication","status":"passed","title":"should redirect to login when accessing /risk without authentication","duration":142.27510000000075,"failureMessages":[],"meta":{}},{"ancestorTitles":["App Routing","Protected Routes - Unauthenticated"],"fullName":"App Routing Protected Routes - Unauthenticated should redirect to login when accessing /settings without authentication","status":"passed","title":"should redirect to login when accessing /settings without authentication","duration":140.13240000000042,"failureMessages":[],"meta":{}},{"ancestorTitles":["App Routing","Protected Routes - Authenticated"],"fullName":"App Routing Protected Routes - Authenticated should render dashboard page when authenticated","status":"passed","title":"should render dashboard page when authenticated","duration":461.33630000000085,"failureMessages":[],"meta":{}},{"ancestorTitles":["App Routing","Protected Routes - Authenticated"],"fullName":"App Routing Protected Routes - Authenticated should render strategies page when authenticated","status":"passed","title":"should render strategies page when authenticated","duration":468.332699999999,"failureMessages":[],"meta":{}},{"ancestorTitles":["App Routing","Protected Routes - Authenticated"],"fullName":"App Routing Protected Routes - Authenticated should render trades page when authenticated","status":"passed","title":"should render trades page when authenticated","duration":486.35030000000006,"failureMessages":[],"meta":{}},{"ancestorTitles":["App Routing","Protected Routes - Authenticated"],"fullName":"App Routing Protected Routes - Authenticated should render backtest page when authenticated","status":"passed","title":"should render backtest page when authenticated","duration":447.9589999999989,"failureMessages":[],"meta":{}},{"ancestorTitles":["App Routing","Protected Routes - Authenticated"],"fullName":"App Routing Protected Routes - Authenticated should render risk page when authenticated","status":"passed","title":"should render risk page when authenticated","duration":450.5506999999998,"failureMessages":[],"meta":{}},{"ancestorTitles":["App Routing","Protected Routes - Authenticated"],"fullName":"App Routing Protected Routes - Authenticated should render settings page when authenticated","status":"passed","title":"should render settings page when authenticated","duration":481.92739999999867,"failureMessages":[],"meta":{}},{"ancestorTitles":["App Routing","Default Routes"],"fullName":"App Routing Default Routes should redirect root path to /dashboard","status":"passed","title":"should redirect root path to /dashboard","duration":100.85199999999895,"failureMessages":[],"meta":{}},{"ancestorTitles":["App Routing","Default Routes"],"fullName":"App Routing Default Routes should redirect unknown paths to /dashboard","status":"passed","title":"should redirect unknown paths to /dashboard","duration":42.03560000000107,"failureMessages":[],"meta":{}},{"ancestorTitles":["App Routing","Lazy Loading"],"fullName":"App Routing Lazy Loading should show loading fallback while lazy loading components","status":"passed","title":"should show loading fallback while lazy loading components","duration":127.51159999999982,"failureMessages":[],"meta":{}}],"startTime":1773089425318,"endTime":1773089429907.5117,"status":"passed","message":"","name":"C:/Git/algotradingbot/frontend/src/App.test.tsx"},{"assertionResults":[{"ancestorTitles":["Redux Store Configuration"],"fullName":"Redux Store Configuration should create store with initial state","status":"passed","title":"should create store with initial state","duration":1.3486000000002605,"failureMessages":[],"meta":{}},{"ancestorTitles":["Redux Store Configuration"],"fullName":"Redux Store Configuration should have dispatch function","status":"passed","title":"should have dispatch function","duration":0.3431000000000495,"failureMessages":[],"meta":{}},{"ancestorTitles":["Redux Store Configuration"],"fullName":"Redux Store Configuration should have subscribe function","status":"passed","title":"should have subscribe function","duration":0.23520000000007713,"failureMessages":[],"meta":{}},{"ancestorTitles":["Redux Store Configuration"],"fullName":"Redux Store Configuration should have getState function","status":"passed","title":"should have getState function","duration":0.21120000000064465,"failureMessages":[],"meta":{}},{"ancestorTitles":["Redux Store Configuration"],"fullName":"Redux Store Configuration should allow subscribing to state changes","status":"passed","title":"should allow subscribing to state changes","duration":0.3416000000006534,"failureMessages":[],"meta":{}}],"startTime":1773089461764,"endTime":1773089461767.3416,"status":"passed","message":"","name":"C:/Git/algotradingbot/frontend/src/app/store.test.ts"},{"assertionResults":[{"ancestorTitles":["ErrorBoundary"],"fullName":"ErrorBoundary renders children when there is no error","status":"passed","title":"renders children when there is no error","duration":95.58010000000013,"failureMessages":[],"meta":{}},{"ancestorTitles":["ErrorBoundary"],"fullName":"ErrorBoundary renders error fallback when child component throws","status":"passed","title":"renders error fallback when child component throws","duration":870.9878999999992,"failureMessages":[],"meta":{}},{"ancestorTitles":["ErrorBoundary"],"fullName":"ErrorBoundary does not render error fallback when child component does not throw","status":"passed","title":"does not render error fallback when child component does not throw","duration":5.575699999999415,"failureMessages":[],"meta":{}},{"ancestorTitles":["ErrorBoundary"],"fullName":"ErrorBoundary calls onError callback when error is caught","status":"passed","title":"calls onError callback when error is caught","duration":77.05630000000019,"failureMessages":[],"meta":{}},{"ancestorTitles":["ErrorBoundary"],"fullName":"ErrorBoundary renders custom fallback when provided","status":"passed","title":"renders custom fallback when provided","duration":9.299800000000687,"failureMessages":[],"meta":{}},{"ancestorTitles":["ErrorBoundary"],"fullName":"ErrorBoundary resets error state when reset button is clicked","status":"passed","title":"resets error state when reset button is clicked","duration":434.9849000000004,"failureMessages":[],"meta":{}},{"ancestorTitles":["ErrorBoundary"],"fullName":"ErrorBoundary logs error to console in development","status":"passed","title":"logs error to console in development","duration":47.59479999999985,"failureMessages":[],"meta":{}},{"ancestorTitles":["ErrorBoundary"],"fullName":"ErrorBoundary displays error details in development mode","status":"passed","title":"displays error details in development mode","duration":65.47980000000007,"failureMessages":[],"meta":{}},{"ancestorTitles":["ErrorBoundary"],"fullName":"ErrorBoundary handles multiple errors correctly","status":"passed","title":"handles multiple errors correctly","duration":258.89130000000114,"failureMessages":[],"meta":{}},{"ancestorTitles":["ErrorBoundary"],"fullName":"ErrorBoundary preserves error information in state","status":"passed","title":"preserves error information in state","duration":53.87119999999959,"failureMessages":[],"meta":{}}],"startTime":1773089424900,"endTime":1773089426819.871,"status":"passed","message":"","name":"C:/Git/algotradingbot/frontend/src/components/ErrorBoundary.test.tsx"},{"assertionResults":[{"ancestorTitles":["LoadingFallback"],"fullName":"LoadingFallback should render skeleton screens","status":"passed","title":"should render skeleton screens","duration":224.92460000000028,"failureMessages":[],"meta":{}},{"ancestorTitles":["LoadingFallback"],"fullName":"LoadingFallback should render header skeleton","status":"passed","title":"should render header skeleton","duration":24.4962000000005,"failureMessages":[],"meta":{}},{"ancestorTitles":["LoadingFallback"],"fullName":"LoadingFallback should render sidebar skeleton on desktop","status":"passed","title":"should render sidebar skeleton on desktop","duration":20.710799999999836,"failureMessages":[],"meta":{}},{"ancestorTitles":["LoadingFallback"],"fullName":"LoadingFallback should render content area skeleton","status":"passed","title":"should render content area skeleton","duration":20.043799999999464,"failureMessages":[],"meta":{}},{"ancestorTitles":["LoadingFallback"],"fullName":"LoadingFallback should have proper layout structure","status":"passed","title":"should have proper layout structure","duration":29.563000000000102,"failureMessages":[],"meta":{}}],"startTime":1773089439433,"endTime":1773089439753.563,"status":"passed","message":"","name":"C:/Git/algotradingbot/frontend/src/components/LoadingFallback.test.tsx"},{"assertionResults":[{"ancestorTitles":["ProtectedRoute"],"fullName":"ProtectedRoute should show loading state while checking authentication","status":"passed","title":"should show loading state while checking authentication","duration":188.78089999999975,"failureMessages":[],"meta":{}},{"ancestorTitles":["ProtectedRoute"],"fullName":"ProtectedRoute should render children when authenticated","status":"passed","title":"should render children when authenticated","duration":123.9327000000003,"failureMessages":[],"meta":{}},{"ancestorTitles":["ProtectedRoute"],"fullName":"ProtectedRoute should redirect to login when not authenticated","status":"passed","title":"should redirect to login when not authenticated","duration":186.01320000000032,"failureMessages":[],"meta":{}},{"ancestorTitles":["ProtectedRoute"],"fullName":"ProtectedRoute should allow access when user has required role","status":"passed","title":"should allow access when user has required role","duration":149.01889999999912,"failureMessages":[],"meta":{}},{"ancestorTitles":["ProtectedRoute"],"fullName":"ProtectedRoute should deny access when user does not have required role","status":"passed","title":"should deny access when user does not have required role","duration":151.61969999999928,"failureMessages":[],"meta":{}},{"ancestorTitles":["ProtectedRoute"],"fullName":"ProtectedRoute should allow trader to access trader-only route","status":"passed","title":"should allow trader to access trader-only route","duration":134.76879999999983,"failureMessages":[],"meta":{}},{"ancestorTitles":["ProtectedRoute"],"fullName":"ProtectedRoute should deny admin access to trader-only route","status":"passed","title":"should deny admin access to trader-only route","duration":119.84670000000006,"failureMessages":[],"meta":{}},{"ancestorTitles":["ProtectedRoute"],"fullName":"ProtectedRoute should restore session from sessionStorage","status":"passed","title":"should restore session from sessionStorage","duration":116.5060999999996,"failureMessages":[],"meta":{}},{"ancestorTitles":["ProtectedRoute"],"fullName":"ProtectedRoute should allow access without role requirement","status":"passed","title":"should allow access without role requirement","duration":130.71950000000015,"failureMessages":[],"meta":{}},{"ancestorTitles":["ProtectedRoute"],"fullName":"ProtectedRoute should preserve location state when redirecting to login","status":"passed","title":"should preserve location state when redirecting to login","duration":129.3143,"failureMessages":[],"meta":{}}],"startTime":1773089425003,"endTime":1773089426434.3142,"status":"passed","message":"","name":"C:/Git/algotradingbot/frontend/src/components/ProtectedRoute.test.tsx"},{"assertionResults":[{"ancestorTitles":["ThemeToggle"],"fullName":"ThemeToggle should render theme toggle button","status":"passed","title":"should render theme toggle button","duration":315.9065999999948,"failureMessages":[],"meta":{}},{"ancestorTitles":["ThemeToggle"],"fullName":"ThemeToggle should display moon icon in light mode","status":"passed","title":"should display moon icon in light mode","duration":51.85550000000512,"failureMessages":[],"meta":{}},{"ancestorTitles":["ThemeToggle"],"fullName":"ThemeToggle should display sun icon in dark mode","status":"passed","title":"should display sun icon in dark mode","duration":45.647900000003574,"failureMessages":[],"meta":{}},{"ancestorTitles":["ThemeToggle"],"fullName":"ThemeToggle should toggle theme from light to dark on click","status":"passed","title":"should toggle theme from light to dark on click","duration":62.7077000000063,"failureMessages":[],"meta":{}},{"ancestorTitles":["ThemeToggle"],"fullName":"ThemeToggle should toggle theme from dark to light on click","status":"passed","title":"should toggle theme from dark to light on click","duration":57.024899999996705,"failureMessages":[],"meta":{}},{"ancestorTitles":["ThemeToggle"],"fullName":"ThemeToggle should persist theme to localStorage on toggle","status":"passed","title":"should persist theme to localStorage on toggle","duration":38.872699999999895,"failureMessages":[],"meta":{}},{"ancestorTitles":["ThemeToggle"],"fullName":"ThemeToggle should have correct tooltip text for light mode","status":"passed","title":"should have correct tooltip text for light mode","duration":39.16969999999856,"failureMessages":[],"meta":{}},{"ancestorTitles":["ThemeToggle"],"fullName":"ThemeToggle should have correct tooltip text for dark mode","status":"passed","title":"should have correct tooltip text for dark mode","duration":42.776200000000244,"failureMessages":[],"meta":{}},{"ancestorTitles":["ThemeToggle"],"fullName":"ThemeToggle should be keyboard accessible","status":"passed","title":"should be keyboard accessible","duration":37.16160000000673,"failureMessages":[],"meta":{}}],"startTime":1773089463732,"endTime":1773089464423.1616,"status":"passed","message":"","name":"C:/Git/algotradingbot/frontend/src/components/ThemeToggle.test.tsx"},{"assertionResults":[{"ancestorTitles":["WebSocketManager","connect"],"fullName":"WebSocketManager connect should connect with token and environment","status":"passed","title":"should connect with token and environment","duration":6.86200000000008,"failureMessages":[],"meta":{}},{"ancestorTitles":["WebSocketManager","connect"],"fullName":"WebSocketManager connect should include token and environment in URL","status":"passed","title":"should include token and environment in URL","duration":6.439899999999852,"failureMessages":[],"meta":{}},{"ancestorTitles":["WebSocketManager","connect"],"fullName":"WebSocketManager connect should reject if already connecting","status":"passed","title":"should reject if already connecting","duration":5.382799999999861,"failureMessages":[],"meta":{}},{"ancestorTitles":["WebSocketManager","connect"],"fullName":"WebSocketManager connect should resolve immediately if already connected","status":"passed","title":"should resolve immediately if already connected","duration":12.414099999999962,"failureMessages":[],"meta":{}},{"ancestorTitles":["WebSocketManager","disconnect"],"fullName":"WebSocketManager disconnect should close WebSocket connection","status":"passed","title":"should close WebSocket connection","duration":2.933100000000195,"failureMessages":[],"meta":{}},{"ancestorTitles":["WebSocketManager","disconnect"],"fullName":"WebSocketManager disconnect should clear all subscriptions","status":"passed","title":"should clear all subscriptions","duration":12.411799999999857,"failureMessages":[],"meta":{}},{"ancestorTitles":["WebSocketManager","disconnect"],"fullName":"WebSocketManager disconnect should prevent reconnection attempts","status":"passed","title":"should prevent reconnection attempts","duration":115.64570000000003,"failureMessages":[],"meta":{}},{"ancestorTitles":["WebSocketManager","subscribe"],"fullName":"WebSocketManager subscribe should register event handler","status":"passed","title":"should register event handler","duration":18.221500000000106,"failureMessages":[],"meta":{}},{"ancestorTitles":["WebSocketManager","subscribe"],"fullName":"WebSocketManager subscribe should return unsubscribe function","status":"passed","title":"should return unsubscribe function","duration":3.9704999999999018,"failureMessages":[],"meta":{}},{"ancestorTitles":["WebSocketManager","subscribe"],"fullName":"WebSocketManager subscribe should support multiple handlers for same event","status":"passed","title":"should support multiple handlers for same event","duration":3.6230000000000473,"failureMessages":[],"meta":{}},{"ancestorTitles":["WebSocketManager","getState"],"fullName":"WebSocketManager getState should return closed when not connected","status":"passed","title":"should return closed when not connected","duration":0.5084000000001652,"failureMessages":[],"meta":{}},{"ancestorTitles":["WebSocketManager","getState"],"fullName":"WebSocketManager getState should return open when connected","status":"passed","title":"should return open when connected","duration":1.1854999999995925,"failureMessages":[],"meta":{}},{"ancestorTitles":["WebSocketManager","isConnected"],"fullName":"WebSocketManager isConnected should return false when not connected","status":"passed","title":"should return false when not connected","duration":0.28130000000010114,"failureMessages":[],"meta":{}},{"ancestorTitles":["WebSocketManager","isConnected"],"fullName":"WebSocketManager isConnected should return true when connected","status":"passed","title":"should return true when connected","duration":6.990899999999783,"failureMessages":[],"meta":{}},{"ancestorTitles":["WebSocketManager","isConnected"],"fullName":"WebSocketManager isConnected should return false after disconnect","status":"passed","title":"should return false after disconnect","duration":9.041400000000067,"failureMessages":[],"meta":{}},{"ancestorTitles":["getWebSocketManager"],"fullName":"getWebSocketManager should return singleton instance","status":"passed","title":"should return singleton instance","duration":0.49890000000004875,"failureMessages":[],"meta":{}},{"ancestorTitles":["getWebSocketManager"],"fullName":"getWebSocketManager should use VITE_WS_URL from environment","status":"passed","title":"should use VITE_WS_URL from environment","duration":0.24069999999983338,"failureMessages":[],"meta":{}}],"startTime":1773089442950,"endTime":1773089443158.4988,"status":"passed","message":"","name":"C:/Git/algotradingbot/frontend/src/services/websocket.test.ts"},{"assertionResults":[{"ancestorTitles":["formatters","formatCurrency"],"fullName":"formatters formatCurrency should format number as currency","status":"passed","title":"should format number as currency","duration":38.99039999999968,"failureMessages":[],"meta":{}},{"ancestorTitles":["formatters","formatCurrency"],"fullName":"formatters formatCurrency should format string as currency","status":"passed","title":"should format string as currency","duration":1.4252999999998792,"failureMessages":[],"meta":{}},{"ancestorTitles":["formatters","formatCurrency"],"fullName":"formatters formatCurrency should handle custom decimal places","status":"passed","title":"should handle custom decimal places","duration":1.0691999999999098,"failureMessages":[],"meta":{}},{"ancestorTitles":["formatters","formatCurrency"],"fullName":"formatters formatCurrency should handle invalid input","status":"passed","title":"should handle invalid input","duration":0.4780000000000655,"failureMessages":[],"meta":{}},{"ancestorTitles":["formatters","formatCurrency"],"fullName":"formatters formatCurrency should handle negative values","status":"passed","title":"should handle negative values","duration":0.732300000000123,"failureMessages":[],"meta":{}},{"ancestorTitles":["formatters","formatPercentage"],"fullName":"formatters formatPercentage should format number as percentage","status":"passed","title":"should format number as percentage","duration":0.8110999999998967,"failureMessages":[],"meta":{}},{"ancestorTitles":["formatters","formatPercentage"],"fullName":"formatters formatPercentage should format string as percentage","status":"passed","title":"should format string as percentage","duration":0.35190000000011423,"failureMessages":[],"meta":{}},{"ancestorTitles":["formatters","formatPercentage"],"fullName":"formatters formatPercentage should handle custom decimal places","status":"passed","title":"should handle custom decimal places","duration":0.3271999999997206,"failureMessages":[],"meta":{}},{"ancestorTitles":["formatters","formatPercentage"],"fullName":"formatters formatPercentage should handle invalid input","status":"passed","title":"should handle invalid input","duration":0.34360000000015134,"failureMessages":[],"meta":{}},{"ancestorTitles":["formatters","formatPercentage"],"fullName":"formatters formatPercentage should handle negative values","status":"passed","title":"should handle negative values","duration":0.3550999999997657,"failureMessages":[],"meta":{}},{"ancestorTitles":["formatters","formatDateTime"],"fullName":"formatters formatDateTime should format ISO date string with time","status":"passed","title":"should format ISO date string with time","duration":11.059999999999945,"failureMessages":[],"meta":{}},{"ancestorTitles":["formatters","formatDateTime"],"fullName":"formatters formatDateTime should format date without time when specified","status":"passed","title":"should format date without time when specified","duration":1.2011999999999716,"failureMessages":[],"meta":{}},{"ancestorTitles":["formatters","formatDateTime"],"fullName":"formatters formatDateTime should handle invalid date string","status":"passed","title":"should handle invalid date string","duration":0.6615000000001601,"failureMessages":[],"meta":{}},{"ancestorTitles":["formatters","formatDate"],"fullName":"formatters formatDate should format date without time","status":"passed","title":"should format date without time","duration":1.2953999999999724,"failureMessages":[],"meta":{}},{"ancestorTitles":["formatters","formatNumber"],"fullName":"formatters formatNumber should format number with thousands separators","status":"passed","title":"should format number with thousands separators","duration":2.1358000000000175,"failureMessages":[],"meta":{}},{"ancestorTitles":["formatters","formatNumber"],"fullName":"formatters formatNumber should format string as number","status":"passed","title":"should format string as number","duration":0.6799999999998363,"failureMessages":[],"meta":{}},{"ancestorTitles":["formatters","formatNumber"],"fullName":"formatters formatNumber should handle custom decimal places","status":"passed","title":"should handle custom decimal places","duration":0.710700000000088,"failureMessages":[],"meta":{}},{"ancestorTitles":["formatters","formatNumber"],"fullName":"formatters formatNumber should handle invalid input","status":"passed","title":"should handle invalid input","duration":0.3088999999999942,"failureMessages":[],"meta":{}},{"ancestorTitles":["formatters","formatDuration"],"fullName":"formatters formatDuration should format duration in days and hours","status":"passed","title":"should format duration in days and hours","duration":0.3987999999999374,"failureMessages":[],"meta":{}},{"ancestorTitles":["formatters","formatDuration"],"fullName":"formatters formatDuration should format duration in hours and minutes","status":"passed","title":"should format duration in hours and minutes","duration":0.4007000000001426,"failureMessages":[],"meta":{}},{"ancestorTitles":["formatters","formatDuration"],"fullName":"formatters formatDuration should format duration in minutes","status":"passed","title":"should format duration in minutes","duration":0.22769999999991342,"failureMessages":[],"meta":{}},{"ancestorTitles":["formatters","formatDuration"],"fullName":"formatters formatDuration should format duration in seconds","status":"passed","title":"should format duration in seconds","duration":0.20339999999987413,"failureMessages":[],"meta":{}},{"ancestorTitles":["formatters","formatDuration"],"fullName":"formatters formatDuration should handle zero duration","status":"passed","title":"should handle zero duration","duration":0.17419999999992797,"failureMessages":[],"meta":{}},{"ancestorTitles":["formatters","truncate"],"fullName":"formatters truncate should truncate long strings","status":"passed","title":"should truncate long strings","duration":0.39620000000013533,"failureMessages":[],"meta":{}},{"ancestorTitles":["formatters","truncate"],"fullName":"formatters truncate should not truncate short strings","status":"passed","title":"should not truncate short strings","duration":0.9333000000001448,"failureMessages":[],"meta":{}},{"ancestorTitles":["formatters","truncate"],"fullName":"formatters truncate should handle exact length","status":"passed","title":"should handle exact length","duration":0.4906999999998334,"failureMessages":[],"meta":{}},{"ancestorTitles":["formatters","truncate"],"fullName":"formatters truncate should use default max length of 50","status":"passed","title":"should use default max length of 50","duration":2.4591999999997824,"failureMessages":[],"meta":{}},{"ancestorTitles":["formatters","formatDistanceToNow"],"fullName":"formatters formatDistanceToNow should return \"just now\" for very recent dates","status":"passed","title":"should return \"just now\" for very recent dates","duration":0.6111999999998261,"failureMessages":[],"meta":{}},{"ancestorTitles":["formatters","formatDistanceToNow"],"fullName":"formatters formatDistanceToNow should format seconds ago","status":"passed","title":"should format seconds ago","duration":0.2521999999999025,"failureMessages":[],"meta":{}},{"ancestorTitles":["formatters","formatDistanceToNow"],"fullName":"formatters formatDistanceToNow should format single minute ago","status":"passed","title":"should format single minute ago","duration":0.3832999999999629,"failureMessages":[],"meta":{}},{"ancestorTitles":["formatters","formatDistanceToNow"],"fullName":"formatters formatDistanceToNow should format multiple minutes ago","status":"passed","title":"should format multiple minutes ago","duration":0.5082000000002154,"failureMessages":[],"meta":{}},{"ancestorTitles":["formatters","formatDistanceToNow"],"fullName":"formatters formatDistanceToNow should format single hour ago","status":"passed","title":"should format single hour ago","duration":0.9682999999999993,"failureMessages":[],"meta":{}},{"ancestorTitles":["formatters","formatDistanceToNow"],"fullName":"formatters formatDistanceToNow should format multiple hours ago","status":"passed","title":"should format multiple hours ago","duration":0.4295999999999367,"failureMessages":[],"meta":{}},{"ancestorTitles":["formatters","formatDistanceToNow"],"fullName":"formatters formatDistanceToNow should format single day ago","status":"passed","title":"should format single day ago","duration":0.2956000000003769,"failureMessages":[],"meta":{}},{"ancestorTitles":["formatters","formatDistanceToNow"],"fullName":"formatters formatDistanceToNow should format multiple days ago","status":"passed","title":"should format multiple days ago","duration":0.24070000000028813,"failureMessages":[],"meta":{}}],"startTime":1773089449989,"endTime":1773089450067.4297,"status":"passed","message":"","name":"C:/Git/algotradingbot/frontend/src/utils/formatters.test.ts"},{"assertionResults":[{"ancestorTitles":["accountApi","getBalance endpoint"],"fullName":"accountApi getBalance endpoint should define getBalance query","status":"passed","title":"should define getBalance query","duration":9.556900000000041,"failureMessages":[],"meta":{}},{"ancestorTitles":["accountApi","getBalance endpoint"],"fullName":"accountApi getBalance endpoint should have correct query configuration","status":"passed","title":"should have correct query configuration","duration":1.6789999999996326,"failureMessages":[],"meta":{}},{"ancestorTitles":["accountApi","getBalance endpoint"],"fullName":"accountApi getBalance endpoint should provide Balance tag","status":"passed","title":"should provide Balance tag","duration":0.9599999999995816,"failureMessages":[],"meta":{}},{"ancestorTitles":["accountApi","getBalance endpoint"],"fullName":"accountApi getBalance endpoint should query correct endpoint","status":"passed","title":"should query correct endpoint","duration":98.48180000000002,"failureMessages":[],"meta":{}},{"ancestorTitles":["accountApi","getPerformance endpoint"],"fullName":"accountApi getPerformance endpoint should define getPerformance query","status":"passed","title":"should define getPerformance query","duration":0.7489000000000487,"failureMessages":[],"meta":{}},{"ancestorTitles":["accountApi","getPerformance endpoint"],"fullName":"accountApi getPerformance endpoint should have correct query configuration","status":"passed","title":"should have correct query configuration","duration":3.3432999999999993,"failureMessages":[],"meta":{}},{"ancestorTitles":["accountApi","getPerformance endpoint"],"fullName":"accountApi getPerformance endpoint should provide Performance tag","status":"passed","title":"should provide Performance tag","duration":1.1134000000001834,"failureMessages":[],"meta":{}},{"ancestorTitles":["accountApi","getPerformance endpoint"],"fullName":"accountApi getPerformance endpoint should accept timeframe parameter","status":"passed","title":"should accept timeframe parameter","duration":9.178199999999833,"failureMessages":[],"meta":{}},{"ancestorTitles":["accountApi","getPerformance endpoint"],"fullName":"accountApi getPerformance endpoint should accept all valid timeframe values","status":"passed","title":"should accept all valid timeframe values","duration":48.45010000000002,"failureMessages":[],"meta":{}},{"ancestorTitles":["accountApi","API configuration"],"fullName":"accountApi API configuration should have correct reducerPath","status":"passed","title":"should have correct reducerPath","duration":0.8987999999999374,"failureMessages":[],"meta":{}},{"ancestorTitles":["accountApi","API configuration"],"fullName":"accountApi API configuration should define Balance and Performance tag types","status":"passed","title":"should define Balance and Performance tag types","duration":0.6993000000002212,"failureMessages":[],"meta":{}},{"ancestorTitles":["accountApi","API configuration"],"fullName":"accountApi API configuration should export hooks","status":"passed","title":"should export hooks","duration":0.6696999999999207,"failureMessages":[],"meta":{}},{"ancestorTitles":["accountApi","Cache invalidation"],"fullName":"accountApi Cache invalidation should invalidate Balance tag when balance data changes","status":"passed","title":"should invalidate Balance tag when balance data changes","duration":46.25660000000016,"failureMessages":[],"meta":{}},{"ancestorTitles":["accountApi","Cache invalidation"],"fullName":"accountApi Cache invalidation should invalidate Performance tag when performance data changes","status":"passed","title":"should invalidate Performance tag when performance data changes","duration":14.676600000000235,"failureMessages":[],"meta":{}}],"startTime":1773089446862,"endTime":1773089447099.6765,"status":"passed","message":"","name":"C:/Git/algotradingbot/frontend/src/features/account/accountApi.test.tsx"},{"assertionResults":[{"ancestorTitles":["useAccountBalance"],"fullName":"useAccountBalance should return query result","status":"passed","title":"should return query result","duration":94.9719,"failureMessages":[],"meta":{}},{"ancestorTitles":["useAccountBalance"],"fullName":"useAccountBalance should not poll in test mode","status":"passed","title":"should not poll in test mode","duration":12.39639999999963,"failureMessages":[],"meta":{}},{"ancestorTitles":["useAccountBalance"],"fullName":"useAccountBalance should poll in live mode","status":"passed","title":"should poll in live mode","duration":10.525899999999638,"failureMessages":[],"meta":{}},{"ancestorTitles":["useAccountBalance"],"fullName":"useAccountBalance should update polling when environment mode changes","status":"passed","title":"should update polling when environment mode changes","duration":15.863399999999729,"failureMessages":[],"meta":{}},{"ancestorTitles":["useAccountBalance"],"fullName":"useAccountBalance should skip polling when tab is unfocused","status":"passed","title":"should skip polling when tab is unfocused","duration":8.861399999999776,"failureMessages":[],"meta":{}}],"startTime":1773089446242,"endTime":1773089446389.8613,"status":"passed","message":"","name":"C:/Git/algotradingbot/frontend/src/features/account/useAccountBalance.test.tsx"},{"assertionResults":[{"ancestorTitles":["Authentication Flow Integration Tests","Login Flow"],"fullName":"Authentication Flow Integration Tests Login Flow should login with valid credentials, store token, and redirect to dashboard","status":"passed","title":"should login with valid credentials, store token, and redirect to dashboard","duration":4350.308799999999,"failureMessages":[],"meta":{}},{"ancestorTitles":["Authentication Flow Integration Tests","Login Flow"],"fullName":"Authentication Flow Integration Tests Login Flow should store refresh token when \"remember me\" is checked","status":"failed","title":"should store refresh token when \"remember me\" is checked","duration":5141.235200000003,"failureMessages":["Error: STACK_TRACE_ERROR\n    at task (file:///C:/Git/algotradingbot/frontend/node_modules/@vitest/runner/dist/index.js:796:27)\n    at Object.<anonymous> (file:///C:/Git/algotradingbot/frontend/node_modules/@vitest/runner/dist/index.js:823:16)\n    at Object.<anonymous> (file:///C:/Git/algotradingbot/frontend/node_modules/@vitest/runner/dist/index.js:615:28)\n    at chain (file:///C:/Git/algotradingbot/frontend/node_modules/@vitest/runner/dist/chunk-tasks.js:9:14)\n    at C:/Git/algotradingbot/frontend/src/features/auth/auth.integration.test.tsx:91:5\n    at file:///C:/Git/algotradingbot/frontend/node_modules/@vitest/runner/dist/index.js:901:40\n    at runWithSuite (file:///C:/Git/algotradingbot/frontend/node_modules/@vitest/runner/dist/index.js:1195:8)\n    at Object.collect (file:///C:/Git/algotradingbot/frontend/node_modules/@vitest/runner/dist/index.js:901:10)\n    at Object.collect (file:///C:/Git/algotradingbot/frontend/node_modules/@vitest/runner/dist/index.js:905:54)\n    at processTicksAndRejections (node:internal/process/task_queues:104:5)\n    at Object.collect (file:///C:/Git/algotradingbot/frontend/node_modules/@vitest/runner/dist/index.js:905:46)\n    at file:///C:/Git/algotradingbot/frontend/node_modules/@vitest/runner/dist/index.js:1390:26\n    at collectTests (file:///C:/Git/algotradingbot/frontend/node_modules/@vitest/runner/dist/index.js:1365:3)\n    at startTests (file:///C:/Git/algotradingbot/frontend/node_modules/@vitest/runner/dist/index.js:1937:17)\n    at file:///C:/Git/algotradingbot/frontend/node_modules/vitest/dist/chunks/base.CJ0Y4ePK.js:86:26"],"meta":{}},{"ancestorTitles":["Authentication Flow Integration Tests","Login Flow"],"fullName":"Authentication Flow Integration Tests Login Flow should show error message when login fails with invalid credentials","status":"passed","title":"should show error message when login fails with invalid credentials","duration":2611.7456999999995,"failureMessages":[],"meta":{}},{"ancestorTitles":["Authentication Flow Integration Tests","Login Flow"],"fullName":"Authentication Flow Integration Tests Login Flow should display loading state during login","status":"passed","title":"should display loading state during login","duration":1017.7071999999971,"failureMessages":[],"meta":{}},{"ancestorTitles":["Authentication Flow Integration Tests","Token Refresh on 401 Error"],"fullName":"Authentication Flow Integration Tests Token Refresh on 401 Error should automatically refresh token when API returns 401 and retry request","status":"passed","title":"should automatically refresh token when API returns 401 and retry request","duration":20.067199999997683,"failureMessages":[],"meta":{}},{"ancestorTitles":["Authentication Flow Integration Tests","Token Refresh on 401 Error"],"fullName":"Authentication Flow Integration Tests Token Refresh on 401 Error should logout user when token refresh fails","status":"passed","title":"should logout user when token refresh fails","duration":10.97099999999773,"failureMessages":[],"meta":{}},{"ancestorTitles":["Authentication Flow Integration Tests","Token Refresh on 401 Error"],"fullName":"Authentication Flow Integration Tests Token Refresh on 401 Error should logout user when no refresh token is available","status":"passed","title":"should logout user when no refresh token is available","duration":18.87159999999858,"failureMessages":[],"meta":{}},{"ancestorTitles":["Authentication Flow Integration Tests","Logout Flow"],"fullName":"Authentication Flow Integration Tests Logout Flow should clear session and redirect to login on logout","status":"passed","title":"should clear session and redirect to login on logout","duration":4.460299999998824,"failureMessages":[],"meta":{}},{"ancestorTitles":["Authentication Flow Integration Tests","Logout Flow"],"fullName":"Authentication Flow Integration Tests Logout Flow should call logout API endpoint and clear session","status":"passed","title":"should call logout API endpoint and clear session","duration":4.952000000004773,"failureMessages":[],"meta":{}},{"ancestorTitles":["Authentication Flow Integration Tests","Session Management"],"fullName":"Authentication Flow Integration Tests Session Management should restore session from sessionStorage on app load","status":"passed","title":"should restore session from sessionStorage on app load","duration":2.91540000000532,"failureMessages":[],"meta":{}},{"ancestorTitles":["Authentication Flow Integration Tests","Session Management"],"fullName":"Authentication Flow Integration Tests Session Management should not restore session with invalid session data","status":"passed","title":"should not restore session with invalid session data","duration":4.491699999998673,"failureMessages":[],"meta":{}},{"ancestorTitles":["Authentication Flow Integration Tests","Error Handling"],"fullName":"Authentication Flow Integration Tests Error Handling should handle network errors gracefully","status":"passed","title":"should handle network errors gracefully","duration":4051.6807000000044,"failureMessages":[],"meta":{}},{"ancestorTitles":["Authentication Flow Integration Tests","Error Handling"],"fullName":"Authentication Flow Integration Tests Error Handling should handle server errors (500) gracefully","status":"passed","title":"should handle server errors (500) gracefully","duration":3772.2151000000013,"failureMessages":[],"meta":{}}],"startTime":1773089449957,"endTime":1773089470970.215,"status":"failed","message":"","name":"C:/Git/algotradingbot/frontend/src/features/auth/auth.integration.test.tsx"},{"assertionResults":[{"ancestorTitles":["authApi","API configuration"],"fullName":"authApi API configuration should have correct reducerPath","status":"passed","title":"should have correct reducerPath","duration":8.934899999999288,"failureMessages":[],"meta":{}},{"ancestorTitles":["authApi","login mutation"],"fullName":"authApi login mutation should have correct endpoint configuration","status":"passed","title":"should have correct endpoint configuration","duration":2.1289999999999054,"failureMessages":[],"meta":{}},{"ancestorTitles":["authApi","login mutation"],"fullName":"authApi login mutation should be configured as a mutation","status":"passed","title":"should be configured as a mutation","duration":1.1152000000001863,"failureMessages":[],"meta":{}},{"ancestorTitles":["authApi","logout mutation"],"fullName":"authApi logout mutation should have correct endpoint configuration","status":"passed","title":"should have correct endpoint configuration","duration":1.4367999999994936,"failureMessages":[],"meta":{}},{"ancestorTitles":["authApi","logout mutation"],"fullName":"authApi logout mutation should be configured as a mutation","status":"passed","title":"should be configured as a mutation","duration":1.186200000000099,"failureMessages":[],"meta":{}},{"ancestorTitles":["authApi","refreshToken mutation"],"fullName":"authApi refreshToken mutation should have correct endpoint configuration","status":"passed","title":"should have correct endpoint configuration","duration":3.215299999999843,"failureMessages":[],"meta":{}},{"ancestorTitles":["authApi","refreshToken mutation"],"fullName":"authApi refreshToken mutation should be configured as a mutation","status":"passed","title":"should be configured as a mutation","duration":1.0663999999997031,"failureMessages":[],"meta":{}},{"ancestorTitles":["authApi","getMe query"],"fullName":"authApi getMe query should have correct endpoint configuration","status":"passed","title":"should have correct endpoint configuration","duration":1.1938000000000102,"failureMessages":[],"meta":{}},{"ancestorTitles":["authApi","getMe query"],"fullName":"authApi getMe query should be configured as a query","status":"passed","title":"should be configured as a query","duration":1.37079999999969,"failureMessages":[],"meta":{}},{"ancestorTitles":["authApi","exported hooks"],"fullName":"authApi exported hooks should export useLoginMutation hook","status":"passed","title":"should export useLoginMutation hook","duration":1.2179000000005544,"failureMessages":[],"meta":{}},{"ancestorTitles":["authApi","exported hooks"],"fullName":"authApi exported hooks should export useLogoutMutation hook","status":"passed","title":"should export useLogoutMutation hook","duration":1.0606000000007043,"failureMessages":[],"meta":{}},{"ancestorTitles":["authApi","exported hooks"],"fullName":"authApi exported hooks should export useRefreshTokenMutation hook","status":"passed","title":"should export useRefreshTokenMutation hook","duration":0.7932000000000698,"failureMessages":[],"meta":{}},{"ancestorTitles":["authApi","exported hooks"],"fullName":"authApi exported hooks should export useGetMeQuery hook","status":"passed","title":"should export useGetMeQuery hook","duration":1.3388999999997395,"failureMessages":[],"meta":{}},{"ancestorTitles":["authApi","endpoint types"],"fullName":"authApi endpoint types should have all expected endpoints","status":"passed","title":"should have all expected endpoints","duration":7.7150000000001455,"failureMessages":[],"meta":{}},{"ancestorTitles":["authApi","endpoint types"],"fullName":"authApi endpoint types should have exactly 4 endpoints","status":"passed","title":"should have exactly 4 endpoints","duration":5.561799999999494,"failureMessages":[],"meta":{}}],"startTime":1773089460023,"endTime":1773089460068.5618,"status":"passed","message":"","name":"C:/Git/algotradingbot/frontend/src/features/auth/authApi.test.ts"},{"assertionResults":[{"ancestorTitles":["authSlice","setCredentials"],"fullName":"authSlice setCredentials should set token and user","status":"passed","title":"should set token and user","duration":24.42619999999988,"failureMessages":[],"meta":{}},{"ancestorTitles":["authSlice","setCredentials"],"fullName":"authSlice setCredentials should store token in sessionStorage","status":"passed","title":"should store token in sessionStorage","duration":3.044300000000476,"failureMessages":[],"meta":{}},{"ancestorTitles":["authSlice","logout"],"fullName":"authSlice logout should clear token and user","status":"passed","title":"should clear token and user","duration":3.4072000000005573,"failureMessages":[],"meta":{}},{"ancestorTitles":["authSlice","logout"],"fullName":"authSlice logout should clear sessionStorage","status":"passed","title":"should clear sessionStorage","duration":1.6273000000001048,"failureMessages":[],"meta":{}},{"ancestorTitles":["authSlice","updateActivity"],"fullName":"authSlice updateActivity should update lastActivity timestamp","status":"passed","title":"should update lastActivity timestamp","duration":2.5320999999994456,"failureMessages":[],"meta":{}},{"ancestorTitles":["authSlice","updateActivity"],"fullName":"authSlice updateActivity should extend sessionTimeout for authenticated users","status":"passed","title":"should extend sessionTimeout for authenticated users","duration":1.4877999999998792,"failureMessages":[],"meta":{}},{"ancestorTitles":["authSlice","checkSessionTimeout"],"fullName":"authSlice checkSessionTimeout should logout if session has expired","status":"passed","title":"should logout if session has expired","duration":2.23700000000008,"failureMessages":[],"meta":{}},{"ancestorTitles":["authSlice","checkSessionTimeout"],"fullName":"authSlice checkSessionTimeout should not logout if session is still valid","status":"passed","title":"should not logout if session is still valid","duration":1.756600000000617,"failureMessages":[],"meta":{}},{"ancestorTitles":["authSlice","restoreSession"],"fullName":"authSlice restoreSession should restore session from sessionStorage","status":"passed","title":"should restore session from sessionStorage","duration":4.1877000000004045,"failureMessages":[],"meta":{}},{"ancestorTitles":["authSlice","restoreSession"],"fullName":"authSlice restoreSession should not restore if sessionStorage is empty","status":"passed","title":"should not restore if sessionStorage is empty","duration":2.1766999999999825,"failureMessages":[],"meta":{}},{"ancestorTitles":["authSlice","restoreSession"],"fullName":"authSlice restoreSession should handle invalid JSON in sessionStorage","status":"passed","title":"should handle invalid JSON in sessionStorage","duration":1.5661000000000058,"failureMessages":[],"meta":{}}],"startTime":1773089456755,"endTime":1773089456807.5662,"status":"passed","message":"","name":"C:/Git/algotradingbot/frontend/src/features/auth/authSlice.test.ts"},{"assertionResults":[{"ancestorTitles":["Property Test: Authentication Token Inclusion"],"fullName":"Property Test: Authentication Token Inclusion Property 1: prepareHeaders includes Bearer token for any valid token (100+ iterations)","status":"passed","title":"Property 1: prepareHeaders includes Bearer token for any valid token (100+ iterations)","duration":46.960399999999936,"failureMessages":[],"meta":{}},{"ancestorTitles":["Property Test: Authentication Token Inclusion"],"fullName":"Property Test: Authentication Token Inclusion Property 2: prepareHeaders does NOT include Authorization when token is null","status":"passed","title":"Property 2: prepareHeaders does NOT include Authorization when token is null","duration":3.6954000000000633,"failureMessages":[],"meta":{}},{"ancestorTitles":["Property Test: Authentication Token Inclusion"],"fullName":"Property Test: Authentication Token Inclusion Property 3: token format integrity is preserved (no mutation)","status":"passed","title":"Property 3: token format integrity is preserved (no mutation)","duration":106.25510000000031,"failureMessages":[],"meta":{}},{"ancestorTitles":["Property Test: Authentication Token Inclusion"],"fullName":"Property Test: Authentication Token Inclusion Property 4: Bearer prefix is always present for authenticated requests","status":"passed","title":"Property 4: Bearer prefix is always present for authenticated requests","duration":41.76040000000012,"failureMessages":[],"meta":{}}],"startTime":1773089443570,"endTime":1773089443768.7605,"status":"passed","message":"","name":"C:/Git/algotradingbot/frontend/src/features/auth/authTokenInclusion.property.test.ts"},{"assertionResults":[{"ancestorTitles":["LoginPage"],"fullName":"LoginPage should render login form","status":"passed","title":"should render login form","duration":1760.6300999999949,"failureMessages":[],"meta":{}},{"ancestorTitles":["LoginPage"],"fullName":"LoginPage should show validation errors for empty fields","status":"passed","title":"should show validation errors for empty fields","duration":589.3919999999998,"failureMessages":[],"meta":{}},{"ancestorTitles":["LoginPage"],"fullName":"LoginPage should show validation error for short username","status":"passed","title":"should show validation error for short username","duration":1167.994200000001,"failureMessages":[],"meta":{}},{"ancestorTitles":["LoginPage"],"fullName":"LoginPage should show validation error for short password","status":"passed","title":"should show validation error for short password","duration":1693.9481000000014,"failureMessages":[],"meta":{}},{"ancestorTitles":["LoginPage"],"fullName":"LoginPage should allow typing in form fields","status":"passed","title":"should allow typing in form fields","duration":3621.3954000000012,"failureMessages":[],"meta":{}},{"ancestorTitles":["LoginPage"],"fullName":"LoginPage should toggle remember me checkbox","status":"passed","title":"should toggle remember me checkbox","duration":1434.3675999999978,"failureMessages":[],"meta":{}},{"ancestorTitles":["LoginPage"],"fullName":"LoginPage should disable form during submission","status":"passed","title":"should disable form during submission","duration":1797.8355999999985,"failureMessages":[],"meta":{}},{"ancestorTitles":["LoginPage"],"fullName":"LoginPage should have proper accessibility attributes","status":"passed","title":"should have proper accessibility attributes","duration":42.08209999999963,"failureMessages":[],"meta":{}}],"startTime":1773089449770,"endTime":1773089461878.082,"status":"passed","message":"","name":"C:/Git/algotradingbot/frontend/src/features/auth/LoginPage.test.tsx"},{"assertionResults":[{"ancestorTitles":["BalanceCard"],"fullName":"BalanceCard should display error state when balance fetch fails","status":"passed","title":"should display error state when balance fetch fails","duration":352.41510000000017,"failureMessages":[],"meta":{}},{"ancestorTitles":["BalanceCard"],"fullName":"BalanceCard should display total balance correctly","status":"passed","title":"should display total balance correctly","duration":226.03260000000046,"failureMessages":[],"meta":{}},{"ancestorTitles":["BalanceCard"],"fullName":"BalanceCard should display available balance correctly","status":"passed","title":"should display available balance correctly","duration":101.97270000000026,"failureMessages":[],"meta":{}},{"ancestorTitles":["BalanceCard"],"fullName":"BalanceCard should display locked balance correctly","status":"passed","title":"should display locked balance correctly","duration":84.40000000000055,"failureMessages":[],"meta":{}},{"ancestorTitles":["BalanceCard"],"fullName":"BalanceCard should display all asset breakdowns","status":"passed","title":"should display all asset breakdowns","duration":111.20129999999972,"failureMessages":[],"meta":{}},{"ancestorTitles":["BalanceCard"],"fullName":"BalanceCard should display asset amounts correctly","status":"passed","title":"should display asset amounts correctly","duration":74.48570000000018,"failureMessages":[],"meta":{}},{"ancestorTitles":["BalanceCard"],"fullName":"BalanceCard should display asset USD values correctly","status":"passed","title":"should display asset USD values correctly","duration":84.5648000000001,"failureMessages":[],"meta":{}},{"ancestorTitles":["BalanceCard"],"fullName":"BalanceCard should display last sync timestamp","status":"passed","title":"should display last sync timestamp","duration":70.77739999999994,"failureMessages":[],"meta":{}},{"ancestorTitles":["BalanceCard"],"fullName":"BalanceCard should render refresh button","status":"passed","title":"should render refresh button","duration":430.2480999999998,"failureMessages":[],"meta":{}},{"ancestorTitles":["BalanceCard"],"fullName":"BalanceCard should call refetch when refresh button is clicked","status":"passed","title":"should call refetch when refresh button is clicked","duration":225.85170000000016,"failureMessages":[],"meta":{}},{"ancestorTitles":["BalanceCard"],"fullName":"BalanceCard should display card title","status":"passed","title":"should display card title","duration":63.67439999999988,"failureMessages":[],"meta":{}},{"ancestorTitles":["BalanceCard"],"fullName":"BalanceCard should handle empty asset list","status":"passed","title":"should handle empty asset list","duration":31.785699999998542,"failureMessages":[],"meta":{}},{"ancestorTitles":["BalanceCard"],"fullName":"BalanceCard should handle zero balances","status":"passed","title":"should handle zero balances","duration":37.401200000000244,"failureMessages":[],"meta":{}},{"ancestorTitles":["BalanceCard"],"fullName":"BalanceCard should format timestamp as locale string","status":"passed","title":"should format timestamp as locale string","duration":59.012800000000425,"failureMessages":[],"meta":{}},{"ancestorTitles":["BalanceCard"],"fullName":"BalanceCard should display multiple assets in correct order","status":"passed","title":"should display multiple assets in correct order","duration":69.3106000000007,"failureMessages":[],"meta":{}},{"ancestorTitles":["BalanceCard"],"fullName":"BalanceCard should have proper accessibility labels","status":"passed","title":"should have proper accessibility labels","duration":182.96619999999893,"failureMessages":[],"meta":{}},{"ancestorTitles":["BalanceCard"],"fullName":"BalanceCard should render within a Card component","status":"passed","title":"should render within a Card component","duration":61.84909999999945,"failureMessages":[],"meta":{}}],"startTime":1773089425045,"endTime":1773089427328.849,"status":"passed","message":"","name":"C:/Git/algotradingbot/frontend/src/features/dashboard/BalanceCard.test.tsx"},{"assertionResults":[{"ancestorTitles":["DashboardPage"],"fullName":"DashboardPage should render dashboard page with title","status":"passed","title":"should render dashboard page with title","duration":167.90529999999944,"failureMessages":[],"meta":{}},{"ancestorTitles":["DashboardPage"],"fullName":"DashboardPage should render within AppLayout","status":"passed","title":"should render within AppLayout","duration":17.502300000000105,"failureMessages":[],"meta":{}},{"ancestorTitles":["DashboardPage"],"fullName":"DashboardPage should render BalanceCard component","status":"passed","title":"should render BalanceCard component","duration":17.734400000000278,"failureMessages":[],"meta":{}},{"ancestorTitles":["DashboardPage"],"fullName":"DashboardPage should render PerformanceCard component","status":"passed","title":"should render PerformanceCard component","duration":18.22440000000006,"failureMessages":[],"meta":{}},{"ancestorTitles":["DashboardPage"],"fullName":"DashboardPage should render both cards in grid layout","status":"passed","title":"should render both cards in grid layout","duration":16.062200000000303,"failureMessages":[],"meta":{}}],"startTime":1773089443751,"endTime":1773089443989.0623,"status":"passed","message":"","name":"C:/Git/algotradingbot/frontend/src/features/dashboard/DashboardPage.test.tsx"},{"assertionResults":[{"ancestorTitles":["PerformanceCard"],"fullName":"PerformanceCard should display error state when performance fetch fails","status":"passed","title":"should display error state when performance fetch fails","duration":328.4429,"failureMessages":[],"meta":{}},{"ancestorTitles":["PerformanceCard"],"fullName":"PerformanceCard should display card title","status":"passed","title":"should display card title","duration":276.3611000000001,"failureMessages":[],"meta":{}},{"ancestorTitles":["PerformanceCard"],"fullName":"PerformanceCard should display all timeframe buttons","status":"passed","title":"should display all timeframe buttons","duration":684.2317999999996,"failureMessages":[],"meta":{}},{"ancestorTitles":["PerformanceCard"],"fullName":"PerformanceCard should have \"today\" selected by default","status":"passed","title":"should have \"today\" selected by default","duration":371.4521999999997,"failureMessages":[],"meta":{}},{"ancestorTitles":["PerformanceCard"],"fullName":"PerformanceCard should change timeframe when button is clicked","status":"passed","title":"should change timeframe when button is clicked","duration":347.1899999999987,"failureMessages":[],"meta":{}},{"ancestorTitles":["PerformanceCard"],"fullName":"PerformanceCard should display profit in green color","status":"passed","title":"should display profit in green color","duration":111.77059999999983,"failureMessages":[],"meta":{}},{"ancestorTitles":["PerformanceCard"],"fullName":"PerformanceCard should display loss in red color","status":"passed","title":"should display loss in red color","duration":52.33550000000105,"failureMessages":[],"meta":{}},{"ancestorTitles":["PerformanceCard"],"fullName":"PerformanceCard should display total profit/loss correctly","status":"passed","title":"should display total profit/loss correctly","duration":52.97899999999936,"failureMessages":[],"meta":{}},{"ancestorTitles":["PerformanceCard"],"fullName":"PerformanceCard should display profit/loss percentage with plus sign for profit","status":"passed","title":"should display profit/loss percentage with plus sign for profit","duration":53.95290000000023,"failureMessages":[],"meta":{}},{"ancestorTitles":["PerformanceCard"],"fullName":"PerformanceCard should display profit/loss percentage without plus sign for loss","status":"passed","title":"should display profit/loss percentage without plus sign for loss","duration":74.87099999999919,"failureMessages":[],"meta":{}},{"ancestorTitles":["PerformanceCard"],"fullName":"PerformanceCard should display win rate correctly","status":"passed","title":"should display win rate correctly","duration":58.13429999999971,"failureMessages":[],"meta":{}},{"ancestorTitles":["PerformanceCard"],"fullName":"PerformanceCard should display trade count correctly","status":"passed","title":"should display trade count correctly","duration":62.47180000000117,"failureMessages":[],"meta":{}},{"ancestorTitles":["PerformanceCard"],"fullName":"PerformanceCard should display cash ratio correctly","status":"passed","title":"should display cash ratio correctly","duration":53.16790000000037,"failureMessages":[],"meta":{}},{"ancestorTitles":["PerformanceCard"],"fullName":"PerformanceCard should handle zero profit/loss","status":"passed","title":"should handle zero profit/loss","duration":55.76980000000003,"failureMessages":[],"meta":{}},{"ancestorTitles":["PerformanceCard"],"fullName":"PerformanceCard should handle negative profit/loss correctly","status":"passed","title":"should handle negative profit/loss correctly","duration":49.35519999999997,"failureMessages":[],"meta":{}},{"ancestorTitles":["PerformanceCard"],"fullName":"PerformanceCard should switch between all timeframes","status":"passed","title":"should switch between all timeframes","duration":1147.4971000000005,"failureMessages":[],"meta":{}},{"ancestorTitles":["PerformanceCard"],"fullName":"PerformanceCard should not change timeframe when clicking already selected button","status":"passed","title":"should not change timeframe when clicking already selected button","duration":259.09029999999984,"failureMessages":[],"meta":{}},{"ancestorTitles":["PerformanceCard"],"fullName":"PerformanceCard should render within a Card component","status":"passed","title":"should render within a Card component","duration":42.35540000000037,"failureMessages":[],"meta":{}},{"ancestorTitles":["PerformanceCard"],"fullName":"PerformanceCard should display metrics in a grid layout","status":"passed","title":"should display metrics in a grid layout","duration":46.63709999999992,"failureMessages":[],"meta":{}},{"ancestorTitles":["PerformanceCard"],"fullName":"PerformanceCard should have proper ARIA labels for timeframe buttons","status":"passed","title":"should have proper ARIA labels for timeframe buttons","duration":327.84439999999995,"failureMessages":[],"meta":{}},{"ancestorTitles":["PerformanceCard"],"fullName":"PerformanceCard should handle very large profit values","status":"passed","title":"should handle very large profit values","duration":43.85030000000006,"failureMessages":[],"meta":{}},{"ancestorTitles":["PerformanceCard"],"fullName":"PerformanceCard should handle very large loss values","status":"passed","title":"should handle very large loss values","duration":93.25820000000022,"failureMessages":[],"meta":{}}],"startTime":1773089425089,"endTime":1773089429700.2583,"status":"passed","message":"","name":"C:/Git/algotradingbot/frontend/src/features/dashboard/PerformanceCard.test.tsx"},{"assertionResults":[{"ancestorTitles":["PositionsList"],"fullName":"PositionsList should render loading state","status":"passed","title":"should render loading state","duration":434.1111000000001,"failureMessages":[],"meta":{}},{"ancestorTitles":["PositionsList"],"fullName":"PositionsList should render error state","status":"passed","title":"should render error state","duration":55.28160000000025,"failureMessages":[],"meta":{}},{"ancestorTitles":["PositionsList"],"fullName":"PositionsList should render empty state when no positions","status":"passed","title":"should render empty state when no positions","duration":59.3711000000003,"failureMessages":[],"meta":{}},{"ancestorTitles":["PositionsList"],"fullName":"PositionsList should render positions list correctly","status":"passed","title":"should render positions list correctly","duration":189.13470000000052,"failureMessages":[],"meta":{}},{"ancestorTitles":["PositionsList"],"fullName":"PositionsList should display correct position count in singular form","status":"passed","title":"should display correct position count in singular form","duration":143.0523000000003,"failureMessages":[],"meta":{}},{"ancestorTitles":["PositionsList"],"fullName":"PositionsList should color-code profit and loss correctly","status":"passed","title":"should color-code profit and loss correctly","duration":109.49089999999978,"failureMessages":[],"meta":{}}],"startTime":1773089432305,"endTime":1773089433295.491,"status":"passed","message":"","name":"C:/Git/algotradingbot/frontend/src/features/dashboard/PositionsList.test.tsx"},{"assertionResults":[{"ancestorTitles":["RecentTradesList"],"fullName":"RecentTradesList should render loading state","status":"passed","title":"should render loading state","duration":512.6191000000008,"failureMessages":[],"meta":{}},{"ancestorTitles":["RecentTradesList"],"fullName":"RecentTradesList should render error state","status":"passed","title":"should render error state","duration":29.655000000000655,"failureMessages":[],"meta":{}},{"ancestorTitles":["RecentTradesList"],"fullName":"RecentTradesList should render empty state when no trades","status":"passed","title":"should render empty state when no trades","duration":56.70600000000013,"failureMessages":[],"meta":{}},{"ancestorTitles":["RecentTradesList"],"fullName":"RecentTradesList should render trades list correctly","status":"passed","title":"should render trades list correctly","duration":154.08439999999973,"failureMessages":[],"meta":{}},{"ancestorTitles":["RecentTradesList"],"fullName":"RecentTradesList should pass correct limit parameter to query","status":"passed","title":"should pass correct limit parameter to query","duration":19.187700000000405,"failureMessages":[],"meta":{}},{"ancestorTitles":["RecentTradesList"],"fullName":"RecentTradesList should color-code profit and loss correctly","status":"passed","title":"should color-code profit and loss correctly","duration":69.9970000000003,"failureMessages":[],"meta":{}}],"startTime":1773089433281,"endTime":1773089434123.997,"status":"passed","message":"","name":"C:/Git/algotradingbot/frontend/src/features/dashboard/RecentTradesList.test.tsx"},{"assertionResults":[{"ancestorTitles":["SystemHealthIndicator","Backend API Connection Status"],"fullName":"SystemHealthIndicator Backend API Connection Status should display connected status when API is healthy","status":"passed","title":"should display connected status when API is healthy","duration":302.43769999999495,"failureMessages":[],"meta":{}},{"ancestorTitles":["SystemHealthIndicator","Backend API Connection Status"],"fullName":"SystemHealthIndicator Backend API Connection Status should display disconnected status when API has error","status":"passed","title":"should display disconnected status when API has error","duration":53.66739999999845,"failureMessages":[],"meta":{}},{"ancestorTitles":["SystemHealthIndicator","WebSocket Connection Status"],"fullName":"SystemHealthIndicator WebSocket Connection Status should display connected status when WebSocket is connected","status":"passed","title":"should display connected status when WebSocket is connected","duration":54.550600000002305,"failureMessages":[],"meta":{}},{"ancestorTitles":["SystemHealthIndicator","WebSocket Connection Status"],"fullName":"SystemHealthIndicator WebSocket Connection Status should display connecting status when WebSocket is connecting","status":"passed","title":"should display connecting status when WebSocket is connecting","duration":48.141999999999825,"failureMessages":[],"meta":{}},{"ancestorTitles":["SystemHealthIndicator","WebSocket Connection Status"],"fullName":"SystemHealthIndicator WebSocket Connection Status should display disconnected status when WebSocket is disconnected","status":"passed","title":"should display disconnected status when WebSocket is disconnected","duration":37.009699999995064,"failureMessages":[],"meta":{}},{"ancestorTitles":["SystemHealthIndicator","WebSocket Connection Status"],"fullName":"SystemHealthIndicator WebSocket Connection Status should display error status when WebSocket has error","status":"passed","title":"should display error status when WebSocket has error","duration":37.53879999999481,"failureMessages":[],"meta":{}},{"ancestorTitles":["SystemHealthIndicator","Reconnection Attempts"],"fullName":"SystemHealthIndicator Reconnection Attempts should display reconnection attempts when greater than 0","status":"passed","title":"should display reconnection attempts when greater than 0","duration":33.54959999999846,"failureMessages":[],"meta":{}},{"ancestorTitles":["SystemHealthIndicator","Reconnection Attempts"],"fullName":"SystemHealthIndicator Reconnection Attempts should not display reconnection attempts when 0","status":"passed","title":"should not display reconnection attempts when 0","duration":31.261300000005576,"failureMessages":[],"meta":{}},{"ancestorTitles":["SystemHealthIndicator","Last Data Update"],"fullName":"SystemHealthIndicator Last Data Update should display \"Never\" when no events received","status":"passed","title":"should display \"Never\" when no events received","duration":28.888300000005984,"failureMessages":[],"meta":{}},{"ancestorTitles":["SystemHealthIndicator","Last Data Update"],"fullName":"SystemHealthIndicator Last Data Update should display formatted time when events received","status":"passed","title":"should display formatted time when events received","duration":38.64459999999963,"failureMessages":[],"meta":{}},{"ancestorTitles":["SystemHealthIndicator","Circuit Breaker Status"],"fullName":"SystemHealthIndicator Circuit Breaker Status should display inactive circuit breaker status","status":"passed","title":"should display inactive circuit breaker status","duration":33.697199999995064,"failureMessages":[],"meta":{}},{"ancestorTitles":["SystemHealthIndicator","Component Rendering"],"fullName":"SystemHealthIndicator Component Rendering should render system health title","status":"passed","title":"should render system health title","duration":32.50370000000112,"failureMessages":[],"meta":{}},{"ancestorTitles":["SystemHealthIndicator","Component Rendering"],"fullName":"SystemHealthIndicator Component Rendering should render all status sections","status":"passed","title":"should render all status sections","duration":33.41449999999895,"failureMessages":[],"meta":{}},{"ancestorTitles":["SystemHealthIndicator","Status Color Coding"],"fullName":"SystemHealthIndicator Status Color Coding should use success color for connected WebSocket","status":"passed","title":"should use success color for connected WebSocket","duration":34.59739999999874,"failureMessages":[],"meta":{}},{"ancestorTitles":["SystemHealthIndicator","Status Color Coding"],"fullName":"SystemHealthIndicator Status Color Coding should use error color for WebSocket error","status":"passed","title":"should use error color for WebSocket error","duration":40.83400000000256,"failureMessages":[],"meta":{}},{"ancestorTitles":["SystemHealthIndicator","Status Color Coding"],"fullName":"SystemHealthIndicator Status Color Coding should use success color for inactive circuit breaker","status":"passed","title":"should use success color for inactive circuit breaker","duration":48.23939999999857,"failureMessages":[],"meta":{}}],"startTime":1773089462322,"endTime":1773089463221.2395,"status":"passed","message":"","name":"C:/Git/algotradingbot/frontend/src/features/dashboard/SystemHealthIndicator.test.tsx"},{"assertionResults":[{"ancestorTitles":["Property Test: Environment Mode Persistence"],"fullName":"Property Test: Environment Mode Persistence Property 3: Environment Mode Persistence - any mode selection is persisted to localStorage (100+ iterations)","status":"passed","title":"Property 3: Environment Mode Persistence - any mode selection is persisted to localStorage (100+ iterations)","duration":22.832800000000134,"failureMessages":[],"meta":{}},{"ancestorTitles":["Property Test: Environment Mode Persistence"],"fullName":"Property Test: Environment Mode Persistence Property 4: Environment Mode Restoration Round-Trip - persisted mode is restored correctly (100+ iterations)","status":"passed","title":"Property 4: Environment Mode Restoration Round-Trip - persisted mode is restored correctly (100+ iterations)","duration":30.698899999999867,"failureMessages":[],"meta":{}},{"ancestorTitles":["Property Test: Environment Mode Persistence"],"fullName":"Property Test: Environment Mode Persistence Property 5: Round-trip persistence maintains mode integrity (100+ iterations)","status":"passed","title":"Property 5: Round-trip persistence maintains mode integrity (100+ iterations)","duration":26.700800000000072,"failureMessages":[],"meta":{}},{"ancestorTitles":["Property Test: Environment Mode Persistence"],"fullName":"Property Test: Environment Mode Persistence Property 6: Default to test mode when localStorage is empty (100+ iterations)","status":"passed","title":"Property 6: Default to test mode when localStorage is empty (100+ iterations)","duration":5.033100000000104,"failureMessages":[],"meta":{}},{"ancestorTitles":["Property Test: Environment Mode Persistence"],"fullName":"Property Test: Environment Mode Persistence Property 7: Persistence survives multiple mode switches (100+ iterations)","status":"passed","title":"Property 7: Persistence survives multiple mode switches (100+ iterations)","duration":13.557099999999991,"failureMessages":[],"meta":{}},{"ancestorTitles":["Property Test: Environment Mode Persistence"],"fullName":"Property Test: Environment Mode Persistence Property 8: Mode persistence is idempotent (100+ iterations)","status":"passed","title":"Property 8: Mode persistence is idempotent (100+ iterations)","duration":9.127799999999752,"failureMessages":[],"meta":{}},{"ancestorTitles":["Property Test: Environment Mode Persistence"],"fullName":"Property Test: Environment Mode Persistence Property 9: Restoration handles corrupted localStorage gracefully (100+ iterations)","status":"passed","title":"Property 9: Restoration handles corrupted localStorage gracefully (100+ iterations)","duration":4.070099999999911,"failureMessages":[],"meta":{}},{"ancestorTitles":["Property Test: Environment Mode Persistence"],"fullName":"Property Test: Environment Mode Persistence Property 10: Concurrent persistence operations maintain consistency (100+ iterations)","status":"passed","title":"Property 10: Concurrent persistence operations maintain consistency (100+ iterations)","duration":57.70769999999993,"failureMessages":[],"meta":{}}],"startTime":1773089447103,"endTime":1773089447273.7078,"status":"passed","message":"","name":"C:/Git/algotradingbot/frontend/src/features/environment/environmentPersistence.property.test.ts"},{"assertionResults":[{"ancestorTitles":["environmentSlice","initial state"],"fullName":"environmentSlice initial state should initialize with test mode when no localStorage value exists","status":"passed","title":"should initialize with test mode when no localStorage value exists","duration":10.061299999999392,"failureMessages":[],"meta":{}},{"ancestorTitles":["environmentSlice","initial state"],"fullName":"environmentSlice initial state should restore mode from localStorage if available","status":"passed","title":"should restore mode from localStorage if available","duration":2.4513999999999214,"failureMessages":[],"meta":{}},{"ancestorTitles":["environmentSlice","setEnvironmentMode"],"fullName":"environmentSlice setEnvironmentMode should update mode to live","status":"passed","title":"should update mode to live","duration":1.0049000000008164,"failureMessages":[],"meta":{}},{"ancestorTitles":["environmentSlice","setEnvironmentMode"],"fullName":"environmentSlice setEnvironmentMode should update mode to test","status":"passed","title":"should update mode to test","duration":0.8413000000000466,"failureMessages":[],"meta":{}},{"ancestorTitles":["environmentSlice","setEnvironmentMode"],"fullName":"environmentSlice setEnvironmentMode should persist mode to localStorage","status":"passed","title":"should persist mode to localStorage","duration":0.927799999999479,"failureMessages":[],"meta":{}},{"ancestorTitles":["environmentSlice","setConnectedExchange"],"fullName":"environmentSlice setConnectedExchange should set connected exchange name","status":"passed","title":"should set connected exchange name","duration":0.9840999999996711,"failureMessages":[],"meta":{}},{"ancestorTitles":["environmentSlice","setConnectedExchange"],"fullName":"environmentSlice setConnectedExchange should clear connected exchange when set to null","status":"passed","title":"should clear connected exchange when set to null","duration":0.8040000000000873,"failureMessages":[],"meta":{}},{"ancestorTitles":["environmentSlice","updateSyncTime"],"fullName":"environmentSlice updateSyncTime should update lastSyncTime to current timestamp","status":"passed","title":"should update lastSyncTime to current timestamp","duration":1.427599999999984,"failureMessages":[],"meta":{}},{"ancestorTitles":["environmentSlice","updateSyncTime"],"fullName":"environmentSlice updateSyncTime should update lastSyncTime when called multiple times","status":"passed","title":"should update lastSyncTime when called multiple times","duration":1.2263000000002648,"failureMessages":[],"meta":{}},{"ancestorTitles":["environmentSlice","state immutability"],"fullName":"environmentSlice state immutability should not mutate original state when updating mode","status":"passed","title":"should not mutate original state when updating mode","duration":3.875600000000304,"failureMessages":[],"meta":{}}],"startTime":1773089451422,"endTime":1773089451446.8755,"status":"passed","message":"","name":"C:/Git/algotradingbot/frontend/src/features/environment/environmentSlice.test.ts"},{"assertionResults":[{"ancestorTitles":["Environment Switching Integration Tests"],"fullName":"Environment Switching Integration Tests should update X-Environment header in API calls when switching environments","status":"passed","title":"should update X-Environment header in API calls when switching environments","duration":4012.6059999999998,"failureMessages":[],"meta":{}},{"ancestorTitles":["Environment Switching Integration Tests"],"fullName":"Environment Switching Integration Tests should fetch different balance data when switching from test to live","status":"passed","title":"should fetch different balance data when switching from test to live","duration":1086.5063999999984,"failureMessages":[],"meta":{}},{"ancestorTitles":["Environment Switching Integration Tests"],"fullName":"Environment Switching Integration Tests should reconnect WebSocket with new environment channels when switching","status":"passed","title":"should reconnect WebSocket with new environment channels when switching","duration":1501.6169999999984,"failureMessages":[],"meta":{}},{"ancestorTitles":["Environment Switching Integration Tests"],"fullName":"Environment Switching Integration Tests should persist environment mode to localStorage and restore on reload","status":"passed","title":"should persist environment mode to localStorage and restore on reload","duration":2864.2505999999994,"failureMessages":[],"meta":{}},{"ancestorTitles":["Environment Switching Integration Tests"],"fullName":"Environment Switching Integration Tests should invalidate cached data when switching environments","status":"passed","title":"should invalidate cached data when switching environments","duration":2643.9505000000063,"failureMessages":[],"meta":{}},{"ancestorTitles":["Environment Switching Integration Tests"],"fullName":"Environment Switching Integration Tests should not switch environment when cancel button is clicked","status":"passed","title":"should not switch environment when cancel button is clicked","duration":629.8387000000002,"failureMessages":[],"meta":{}},{"ancestorTitles":["Environment Switching Integration Tests"],"fullName":"Environment Switching Integration Tests should display correct environment badge label","status":"passed","title":"should display correct environment badge label","duration":726.6262999999963,"failureMessages":[],"meta":{}}],"startTime":1773089449139,"endTime":1773089462604.6262,"status":"passed","message":"","name":"C:/Git/algotradingbot/frontend/src/features/environment/environmentSwitch.integration.test.tsx"},{"assertionResults":[{"ancestorTitles":["EnvironmentSwitch"],"fullName":"EnvironmentSwitch should render toggle buttons for test and live modes","status":"passed","title":"should render toggle buttons for test and live modes","duration":1222.0162999999993,"failureMessages":[],"meta":{}},{"ancestorTi
[...]
lidate balance cache after position.updated","duration":26.325199999999768,"failureMessages":[],"meta":{}},{"ancestorTitles":["WebSocket Integration Tests","Reconnection Logic"],"fullName":"WebSocket Integration Tests Reconnection Logic should attempt reconnection after connection loss","status":"passed","title":"should attempt reconnection after connection loss","duration":8.358499999999822,"failureMessages":[],"meta":{}},{"ancestorTitles":["WebSocket Integration Tests","Reconnection Logic"],"fullName":"WebSocket Integration Tests Reconnection Logic should limit reconnection attempts to 3","status":"passed","title":"should limit reconnection attempts to 3","duration":4.634900000000016,"failureMessages":[],"meta":{}},{"ancestorTitles":["WebSocket Integration Tests","Reconnection Logic"],"fullName":"WebSocket Integration Tests Reconnection Logic should reset reconnection attempts after successful connection","status":"passed","title":"should reset reconnection attempts after successful connection","duration":28.110200000000077,"failureMessages":[],"meta":{}},{"ancestorTitles":["WebSocket Integration Tests","Reconnection Logic"],"fullName":"WebSocket Integration Tests Reconnection Logic should resubscribe to channels after reconnection","status":"passed","title":"should resubscribe to channels after reconnection","duration":3.3950999999997293,"failureMessages":[],"meta":{}},{"ancestorTitles":["WebSocket Integration Tests","Event Throttling"],"fullName":"WebSocket Integration Tests Event Throttling should throttle events to max 1 per second per type","status":"passed","title":"should throttle events to max 1 per second per type","duration":7.127600000000257,"failureMessages":[],"meta":{}},{"ancestorTitles":["WebSocket Integration Tests","Event Throttling"],"fullName":"WebSocket Integration Tests Event Throttling should throttle different event types independently","status":"passed","title":"should throttle different event types independently","duration":8.159400000000005,"failureMessages":[],"meta":{}},{"ancestorTitles":["WebSocket Integration Tests","Tab Visibility"],"fullName":"WebSocket Integration Tests Tab Visibility should pause event processing when tab becomes inactive","status":"passed","title":"should pause event processing when tab becomes inactive","duration":121.60890000000018,"failureMessages":[],"meta":{}}],"startTime":1773089440206,"endTime":1773089440595.609,"status":"passed","message":"","name":"C:/Git/algotradingbot/frontend/src/features/websocket/websocket.integration.test.tsx"},{"assertionResults":[{"ancestorTitles":["websocketMiddleware","Event Subscription"],"fullName":"websocketMiddleware Event Subscription should subscribe to WebSocket events on initialization","status":"passed","title":"should subscribe to WebSocket events on initialization","duration":25.555499999999483,"failureMessages":[],"meta":{}},{"ancestorTitles":["websocketMiddleware","Event Handling"],"fullName":"websocketMiddleware Event Handling should dispatch eventReceived action when balance.updated event is received","status":"passed","title":"should dispatch eventReceived action when balance.updated event is received","duration":32.567700000000514,"failureMessages":[],"meta":{}},{"ancestorTitles":["websocketMiddleware","Event Handling"],"fullName":"websocketMiddleware Event Handling should invalidate balance cache when balance.updated event is received","status":"passed","title":"should invalidate balance cache when balance.updated event is received","duration":6.123700000000099,"failureMessages":[],"meta":{}},{"ancestorTitles":["websocketMiddleware","Event Handling"],"fullName":"websocketMiddleware Event Handling should invalidate balance and performance caches when trade.executed event is received","status":"passed","title":"should invalidate balance and performance caches when trade.executed event is received","duration":6.617500000000291,"failureMessages":[],"meta":{}},{"ancestorTitles":["websocketMiddleware","Event Handling"],"fullName":"websocketMiddleware Event Handling should invalidate balance cache when position.updated event is received","status":"passed","title":"should invalidate balance cache when position.updated event is received","duration":8.63379999999961,"failureMessages":[],"meta":{}},{"ancestorTitles":["websocketMiddleware","Event Handling"],"fullName":"websocketMiddleware Event Handling should handle strategy.status events without errors","status":"passed","title":"should handle strategy.status events without errors","duration":31.209499999999935,"failureMessages":[],"meta":{}},{"ancestorTitles":["websocketMiddleware","Event Handling"],"fullName":"websocketMiddleware Event Handling should handle risk.alert events without errors","status":"passed","title":"should handle risk.alert events without errors","duration":7.994899999999689,"failureMessages":[],"meta":{}},{"ancestorTitles":["websocketMiddleware","Event Handling"],"fullName":"websocketMiddleware Event Handling should handle system.error events without errors","status":"passed","title":"should handle system.error events without errors","duration":4.757599999999911,"failureMessages":[],"meta":{}},{"ancestorTitles":["websocketMiddleware","Event Throttling"],"fullName":"websocketMiddleware Event Throttling should process first event immediately","status":"passed","title":"should process first event immediately","duration":4.724999999999454,"failureMessages":[],"meta":{}},{"ancestorTitles":["websocketMiddleware","Event Throttling"],"fullName":"websocketMiddleware Event Throttling should throttle events of same type within 1 second","status":"passed","title":"should throttle events of same type within 1 second","duration":13.106999999999971,"failureMessages":[],"meta":{}},{"ancestorTitles":["websocketMiddleware","Event Throttling"],"fullName":"websocketMiddleware Event Throttling should allow events of different types to process independently","status":"passed","title":"should allow events of different types to process independently","duration":16.329099999999926,"failureMessages":[],"meta":{}},{"ancestorTitles":["websocketMiddleware","Event Throttling"],"fullName":"websocketMiddleware Event Throttling should process events after throttle interval expires","status":"passed","title":"should process events after throttle interval expires","duration":13.331200000000536,"failureMessages":[],"meta":{}},{"ancestorTitles":["websocketMiddleware","Tab Visibility Handling"],"fullName":"websocketMiddleware Tab Visibility Handling should pause event processing when tab becomes inactive","status":"passed","title":"should pause event processing when tab becomes inactive","duration":5.114300000000185,"failureMessages":[],"meta":{}},{"ancestorTitles":["websocketMiddleware","Tab Visibility Handling"],"fullName":"websocketMiddleware Tab Visibility Handling should resume event processing when tab becomes active","status":"passed","title":"should resume event processing when tab becomes active","duration":16.793299999999363,"failureMessages":[],"meta":{}},{"ancestorTitles":["websocketMiddleware","Tab Visibility Handling"],"fullName":"websocketMiddleware Tab Visibility Handling should process new events immediately when tab is active","status":"passed","title":"should process new events immediately when tab is active","duration":12.160499999999956,"failureMessages":[],"meta":{}},{"ancestorTitles":["websocketMiddleware","Multiple Events"],"fullName":"websocketMiddleware Multiple Events should handle multiple events of different types correctly","status":"passed","title":"should handle multiple events of different types correctly","duration":7.575799999999617,"failureMessages":[],"meta":{}},{"ancestorTitles":["websocketMiddleware","Multiple Events"],"fullName":"websocketMiddleware Multiple Events should update lastEventTime for each event","status":"passed","title":"should update lastEventTime for each event","duration":6.849100000000362,"failureMessages":[],"meta":{}}],"startTime":1773089451475,"endTime":1773089451696.849,"status":"passed","message":"","name":"C:/Git/algotradingbot/frontend/src/features/websocket/websocketMiddleware.test.ts"},{"assertionResults":[{"ancestorTitles":["websocketSlice","connectionStarted"],"fullName":"websocketSlice connectionStarted should set connecting to true","status":"passed","title":"should set connecting to true","duration":42.50200000000041,"failureMessages":[],"meta":{}},{"ancestorTitles":["websocketSlice","connectionStarted"],"fullName":"websocketSlice connectionStarted should clear previous error","status":"passed","title":"should clear previous error","duration":2.2368999999998778,"failureMessages":[],"meta":{}},{"ancestorTitles":["websocketSlice","connectionEstablished"],"fullName":"websocketSlice connectionEstablished should set connected to true and update channels","status":"passed","title":"should set connected to true and update channels","duration":9.477399999999761,"failureMessages":[],"meta":{}},{"ancestorTitles":["websocketSlice","connectionEstablished"],"fullName":"websocketSlice connectionEstablished should reset reconnect attempts","status":"passed","title":"should reset reconnect attempts","duration":3.0083000000004176,"failureMessages":[],"meta":{}},{"ancestorTitles":["websocketSlice","connectionFailed"],"fullName":"websocketSlice connectionFailed should set error and clear connecting state","status":"passed","title":"should set error and clear connecting state","duration":2.1481999999996333,"failureMessages":[],"meta":{}},{"ancestorTitles":["websocketSlice","connectionClosed"],"fullName":"websocketSlice connectionClosed should reset connection state","status":"passed","title":"should reset connection state","duration":6.821700000000419,"failureMessages":[],"meta":{}},{"ancestorTitles":["websocketSlice","reconnectAttempted"],"fullName":"websocketSlice reconnectAttempted should increment reconnect attempts","status":"passed","title":"should increment reconnect attempts","duration":3.079800000000432,"failureMessages":[],"meta":{}},{"ancestorTitles":["websocketSlice","reconnectAttempted"],"fullName":"websocketSlice reconnectAttempted should update lastReconnectAttempt timestamp","status":"passed","title":"should update lastReconnectAttempt timestamp","duration":2.0405000000000655,"failureMessages":[],"meta":{}},{"ancestorTitles":["websocketSlice","reconnectAttempted"],"fullName":"websocketSlice reconnectAttempted should increment from previous attempts","status":"passed","title":"should increment from previous attempts","duration":2.9736999999995533,"failureMessages":[],"meta":{}},{"ancestorTitles":["websocketSlice","eventReceived"],"fullName":"websocketSlice eventReceived should update lastEventTime","status":"passed","title":"should update lastEventTime","duration":1.7296999999998661,"failureMessages":[],"meta":{}},{"ancestorTitles":["websocketSlice","eventReceived"],"fullName":"websocketSlice eventReceived should overwrite previous event time","status":"passed","title":"should overwrite previous event time","duration":1.0900999999994383,"failureMessages":[],"meta":{}},{"ancestorTitles":["websocketSlice","resetState"],"fullName":"websocketSlice resetState should reset to initial state","status":"passed","title":"should reset to initial state","duration":2.1005999999997584,"failureMessages":[],"meta":{}},{"ancestorTitles":["websocketSlice","state transitions"],"fullName":"websocketSlice state transitions should handle connection lifecycle","status":"passed","title":"should handle connection lifecycle","duration":2.030899999999747,"failureMessages":[],"meta":{}},{"ancestorTitles":["websocketSlice","state transitions"],"fullName":"websocketSlice state transitions should handle reconnection attempts","status":"passed","title":"should handle reconnection attempts","duration":5.536099999999351,"failureMessages":[],"meta":{}}],"startTime":1773089456325,"endTime":1773089456420.5361,"status":"passed","message":"","name":"C:/Git/algotradingbot/frontend/src/features/websocket/websocketSlice.test.ts"},{"assertionResults":[{"ancestorTitles":["AppLayout"],"fullName":"AppLayout should render sidebar, header, and content area","status":"passed","title":"should render sidebar, header, and content area","duration":162.36339999999927,"failureMessages":[],"meta":{}},{"ancestorTitles":["AppLayout"],"fullName":"AppLayout should render children in the main content area","status":"passed","title":"should render children in the main content area","duration":21.969099999999344,"failureMessages":[],"meta":{}},{"ancestorTitles":["AppLayout"],"fullName":"AppLayout should toggle sidebar when menu button is clicked","status":"passed","title":"should toggle sidebar when menu button is clicked","duration":46.90819999999985,"failureMessages":[],"meta":{}},{"ancestorTitles":["AppLayout"],"fullName":"AppLayout should close sidebar when sidebar close button is clicked on mobile","status":"passed","title":"should close sidebar when sidebar close button is clicked on mobile","duration":20.35909999999967,"failureMessages":[],"meta":{}},{"ancestorTitles":["AppLayout"],"fullName":"AppLayout should have proper layout structure with flex display","status":"passed","title":"should have proper layout structure with flex display","duration":294.51630000000023,"failureMessages":[],"meta":{}},{"ancestorTitles":["AppLayout"],"fullName":"AppLayout should render main content area with proper styling","status":"passed","title":"should render main content area with proper styling","duration":10.317000000000007,"failureMessages":[],"meta":{}},{"ancestorTitles":["AppLayout"],"fullName":"AppLayout should start with sidebar open on desktop","status":"passed","title":"should start with sidebar open on desktop","duration":16.970499999999447,"failureMessages":[],"meta":{}},{"ancestorTitles":["AppLayout"],"fullName":"AppLayout should start with sidebar closed on mobile","status":"passed","title":"should start with sidebar closed on mobile","duration":6.937199999999393,"failureMessages":[],"meta":{}}],"startTime":1773089436192,"endTime":1773089436772.9373,"status":"passed","message":"","name":"C:/Git/algotradingbot/frontend/src/components/layout/AppLayout.test.tsx"},{"assertionResults":[{"ancestorTitles":["Header"],"fullName":"Header renders menu button","status":"passed","title":"renders menu button","duration":530.8705999999984,"failureMessages":[],"meta":{}},{"ancestorTitles":["Header"],"fullName":"Header calls onMenuClick when menu button is clicked","status":"passed","title":"calls onMenuClick when menu button is clicked","duration":111.60399999999936,"failureMessages":[],"meta":{}},{"ancestorTitles":["Header"],"fullName":"Header renders notifications button with badge","status":"passed","title":"renders notifications button with badge","duration":72.12649999999849,"failureMessages":[],"meta":{}},{"ancestorTitles":["Header"],"fullName":"Header renders user avatar with first letter of username","status":"passed","title":"renders user avatar with first letter of username","duration":84.79539999999906,"failureMessages":[],"meta":{}},{"ancestorTitles":["Header"],"fullName":"Header opens user menu when avatar is clicked","status":"passed","title":"opens user menu when avatar is clicked","duration":1004.5941999999995,"failureMessages":[],"meta":{}},{"ancestorTitles":["Header"],"fullName":"Header displays settings and logout options in user menu","status":"passed","title":"displays settings and logout options in user menu","duration":311.0852999999988,"failureMessages":[],"meta":{}},{"ancestorTitles":["Header"],"fullName":"Header navigates to settings when settings menu item is clicked","status":"passed","title":"navigates to settings when settings menu item is clicked","duration":448.9531000000061,"failureMessages":[],"meta":{}},{"ancestorTitles":["Header"],"fullName":"Header dispatches logout and navigates to login when logout is clicked","status":"passed","title":"dispatches logout and navigates to login when logout is clicked","duration":249.99599999999919,"failureMessages":[],"meta":{}},{"ancestorTitles":["Header"],"fullName":"Header opens notifications menu when notifications button is clicked","status":"passed","title":"opens notifications menu when notifications button is clicked","duration":162.24599999999919,"failureMessages":[],"meta":{}},{"ancestorTitles":["Header"],"fullName":"Header displays default avatar when user has no username","status":"passed","title":"displays default avatar when user has no username","duration":37.13960000000225,"failureMessages":[],"meta":{}},{"ancestorTitles":["Header"],"fullName":"Header renders theme toggle button","status":"passed","title":"renders theme toggle button","duration":524.7728000000061,"failureMessages":[],"meta":{}},{"ancestorTitles":["Header"],"fullName":"Header toggles theme when theme toggle is clicked","status":"passed","title":"toggles theme when theme toggle is clicked","duration":343.19200000000274,"failureMessages":[],"meta":{}}],"startTime":1773089449359,"endTime":1773089453241.192,"status":"passed","message":"","name":"C:/Git/algotradingbot/frontend/src/components/layout/Header.test.tsx"},{"assertionResults":[{"ancestorTitles":["Sidebar"],"fullName":"Sidebar should render all navigation links","status":"passed","title":"should render all navigation links","duration":483.2580999999991,"failureMessages":[],"meta":{}},{"ancestorTitles":["Sidebar"],"fullName":"Sidebar should render application title","status":"passed","title":"should render application title","duration":108.92410000000018,"failureMessages":[],"meta":{}},{"ancestorTitles":["Sidebar"],"fullName":"Sidebar should render navigation icons","status":"passed","title":"should render navigation icons","duration":247.2396000000008,"failureMessages":[],"meta":{}},{"ancestorTitles":["Sidebar"],"fullName":"Sidebar should highlight active route","status":"passed","title":"should highlight active route","duration":2032.869999999999,"failureMessages":[],"meta":{}},{"ancestorTitles":["Sidebar"],"fullName":"Sidebar should navigate when clicking a navigation item","status":"passed","title":"should navigate when clicking a navigation item","duration":929.0190000000002,"failureMessages":[],"meta":{}},{"ancestorTitles":["Sidebar"],"fullName":"Sidebar should call onClose when navigation item is clicked","status":"passed","title":"should call onClose when navigation item is clicked","duration":797.1483000000007,"failureMessages":[],"meta":{}},{"ancestorTitles":["Sidebar"],"fullName":"Sidebar should navigate to correct paths for all items","status":"passed","title":"should navigate to correct paths for all items","duration":988.3965000000026,"failureMessages":[],"meta":{}},{"ancestorTitles":["Sidebar"],"fullName":"Sidebar should render as temporary drawer on mobile","status":"passed","title":"should render as temporary drawer on mobile","duration":72.97370000000228,"failureMessages":[],"meta":{}},{"ancestorTitles":["Sidebar"],"fullName":"Sidebar should render as persistent drawer on desktop","status":"passed","title":"should render as persistent drawer on desktop","duration":66.41919999999664,"failureMessages":[],"meta":{}},{"ancestorTitles":["Sidebar"],"fullName":"Sidebar should display all navigation items in correct order","status":"passed","title":"should display all navigation items in correct order","duration":789.0018000000055,"failureMessages":[],"meta":{}},{"ancestorTitles":["Sidebar"],"fullName":"Sidebar should have proper ARIA labels for accessibility","status":"passed","title":"should have proper ARIA labels for accessibility","duration":2320.3839000000007,"failureMessages":[],"meta":{}},{"ancestorTitles":["Sidebar"],"fullName":"Sidebar should handle rapid navigation clicks","status":"passed","title":"should handle rapid navigation clicks","duration":2085.7773000000016,"failureMessages":[],"meta":{}}],"startTime":1773089448993,"endTime":1773089459926.7773,"status":"passed","message":"","name":"C:/Git/algotradingbot/frontend/src/components/layout/Sidebar.test.tsx"}]}